<?xml version="1.0" encoding="UTF-8"?>
<!-- Generated by org.testng.reporters.JUnitXMLReporter -->
<testsuite hostname="SHIV-CHHATRAPATI" ignored="0" name="Test" tests="1" failures="1" timestamp="26 Dec 2017 11:32:37 GMT" time="30.836" errors="0">
  <testcase name="test_Extent" time="25.876" classname="com.skm.mavenproject.JBK_Offline">
    <failure type="java.lang.AssertionError" message="expected [true] but found [false]">
      <![CDATA[java.lang.AssertionError: expected [true] but found [false]
	at com.skm.mavenproject.JBK_Offline.test_Extent(JBK_Offline.java:50)
... Removed 29 stack frames]]>
    </failure>
  </testcase> <!-- test_Extent -->
</testsuite> <!-- Test -->
